<?xml version="1.0" encoding="UTF-8"?>
<!-- Generated by org.testng.reporters.JUnitReportReporter -->
<testsuite skipped="0" hostname="Paras" name="myproject.homepage.ExcelData" tests="1" failures="0" timestamp="09 Sep 2018 06:50:36 GMT" time="0.719" errors="0">
  <testcase name="readExcel" time="0.719" classname="myproject.homepage.ExcelData"/>
</testsuite> <!-- myproject.homepage.ExcelData -->
